Trace line 1: i = 1
Trace line 2: while True: ...
Trace line 3: Expression statemt produced None
Trace line 4: i = 2
Trace line 2: while True: ...
Trace line 3: Expression statemt produced None
Trace line 4: i = 3
Trace line 2: while True: ...
Trace line 3: Expression statemt produced None
Trace line 4: i = 4
Trace line 2: while True: ...
Trace line 3: Expression statemt produced None
Trace line 4: i = 5
Trace line 2: while True: ...
Trace line 3: Expression statemt produced None
Trace line 4: i = 6
Trace line 2: while True: ...
Trace line 3: Expression statemt produced None
Trace line 4: i = 7
Trace line 5: if True alt #1: ...
Trace line 6: return 0
Asp runtime error on line 6: Return statement outside function!
